Determining if the pthread_create exist failed with the following output:
Change Dir: /home/student/Desktop/vm-share/CPSC223/Week3/hw3/CMakeFiles/CMakeTmp

Run Build Command:"/usr/bin/make" "cmTC_1486e/fast"
make: Warning: File 'Makefile' has modification time 2 s in the future
/usr/bin/make -f CMakeFiles/cmTC_1486e.dir/build.make CMakeFiles/cmTC_1486e.dir/build
make[1]: Entering directory '/media/sf_vm-share/CPSC223/Week3/hw3/CMakeFiles/CMakeTmp'
make[1]: Warning: File 'CMakeFiles/cmTC_1486e.dir/flags.make' has modification time 1.9 s in the future
Building C object CMakeFiles/cmTC_1486e.dir/CheckSymbolExists.c.o
/usr/bin/cc    -o CMakeFiles/cmTC_1486e.dir/CheckSymbolExists.c.o   -c /home/student/Desktop/vm-share/CPSC223/Week3/hw3/CMakeFiles/CMakeTmp/CheckSymbolExists.c
Linking C executable cmTC_1486e
/usr/bin/cmake -E cmake_link_script CMakeFiles/cmTC_1486e.dir/link.txt --verbose=1
/usr/bin/cc      -rdynamic CMakeFiles/cmTC_1486e.dir/CheckSymbolExists.c.o  -o cmTC_1486e 
/usr/bin/ld: CMakeFiles/cmTC_1486e.dir/CheckSymbolExists.c.o: in function `main':
CheckSymbolExists.c:(.text+0x1b): undefined reference to `pthread_create'
collect2: error: ld returned 1 exit status
make[1]: *** [CMakeFiles/cmTC_1486e.dir/build.make:87: cmTC_1486e] Error 1
make[1]: Leaving directory '/media/sf_vm-share/CPSC223/Week3/hw3/CMakeFiles/CMakeTmp'
make: *** [Makefile:121: cmTC_1486e/fast] Error 2

File /home/student/Desktop/vm-share/CPSC223/Week3/hw3/CMakeFiles/CMakeTmp/CheckSymbolExists.c:
/* */
#include <pthread.h>

int main(int argc, char** argv)
{
  (void)argv;
#ifndef pthread_create
  return ((int*)(&pthread_create))[argc];
#else
  (void)argc;
  return 0;
#endif
}

Determining if the function pthread_create exists in the pthreads failed with the following output:
Change Dir: /home/student/Desktop/vm-share/CPSC223/Week3/hw3/CMakeFiles/CMakeTmp

Run Build Command:"/usr/bin/make" "cmTC_20d1c/fast"
make: Warning: File 'Makefile' has modification time 1.8 s in the future
/usr/bin/make -f CMakeFiles/cmTC_20d1c.dir/build.make CMakeFiles/cmTC_20d1c.dir/build
make[1]: Entering directory '/media/sf_vm-share/CPSC223/Week3/hw3/CMakeFiles/CMakeTmp'
make[1]: Warning: File 'CMakeFiles/cmTC_20d1c.dir/flags.make' has modification time 1.8 s in the future
Building C object CMakeFiles/cmTC_20d1c.dir/CheckFunctionExists.c.o
/usr/bin/cc   -DCHECK_FUNCTION_EXISTS=pthread_create   -o CMakeFiles/cmTC_20d1c.dir/CheckFunctionExists.c.o   -c /usr/share/cmake-3.13/Modules/CheckFunctionExists.c
Linking C executable cmTC_20d1c
/usr/bin/cmake -E cmake_link_script CMakeFiles/cmTC_20d1c.dir/link.txt --verbose=1
/usr/bin/cc  -DCHECK_FUNCTION_EXISTS=pthread_create    -rdynamic CMakeFiles/cmTC_20d1c.dir/CheckFunctionExists.c.o  -o cmTC_20d1c -lpthreads 
/usr/bin/ld: cannot find -lpthreads
collect2: error: ld returned 1 exit status
make[1]: *** [CMakeFiles/cmTC_20d1c.dir/build.make:87: cmTC_20d1c] Error 1
make[1]: Leaving directory '/media/sf_vm-share/CPSC223/Week3/hw3/CMakeFiles/CMakeTmp'
make: *** [Makefile:121: cmTC_20d1c/fast] Error 2


