Determining if the pthread_create exist failed with the following output:
Change Dir: /home/student/Desktop/vm-share/CPSC223/Week4/hw4/CMakeFiles/CMakeTmp

Run Build Command:"/usr/bin/make" "cmTC_7f7a4/fast"
make[1]: Entering directory '/media/sf_vm-share/CPSC223/Week4/hw4/CMakeFiles/CMakeTmp'
/usr/bin/make -f CMakeFiles/cmTC_7f7a4.dir/build.make CMakeFiles/cmTC_7f7a4.dir/build
make[2]: Entering directory '/media/sf_vm-share/CPSC223/Week4/hw4/CMakeFiles/CMakeTmp'
Building C object CMakeFiles/cmTC_7f7a4.dir/CheckSymbolExists.c.o
/usr/bin/cc    -o CMakeFiles/cmTC_7f7a4.dir/CheckSymbolExists.c.o   -c /home/student/Desktop/vm-share/CPSC223/Week4/hw4/CMakeFiles/CMakeTmp/CheckSymbolExists.c
Linking C executable cmTC_7f7a4
/usr/bin/cmake -E cmake_link_script CMakeFiles/cmTC_7f7a4.dir/link.txt --verbose=1
/usr/bin/cc      -rdynamic CMakeFiles/cmTC_7f7a4.dir/CheckSymbolExists.c.o  -o cmTC_7f7a4 
/usr/bin/ld: CMakeFiles/cmTC_7f7a4.dir/CheckSymbolExists.c.o: in function `main':
CheckSymbolExists.c:(.text+0x1b): undefined reference to `pthread_create'
collect2: error: ld returned 1 exit status
make[2]: *** [CMakeFiles/cmTC_7f7a4.dir/build.make:87: cmTC_7f7a4] Error 1
make[2]: Leaving directory '/media/sf_vm-share/CPSC223/Week4/hw4/CMakeFiles/CMakeTmp'
make[1]: *** [Makefile:121: cmTC_7f7a4/fast] Error 2
make[1]: Leaving directory '/media/sf_vm-share/CPSC223/Week4/hw4/CMakeFiles/CMakeTmp'

File /home/student/Desktop/vm-share/CPSC223/Week4/hw4/CMakeFiles/CMakeTmp/CheckSymbolExists.c:
/* */
#include <pthread.h>

int main(int argc, char** argv)
{
  (void)argv;
#ifndef pthread_create
  return ((int*)(&pthread_create))[argc];
#else
  (void)argc;
  return 0;
#endif
}

Determining if the function pthread_create exists in the pthreads failed with the following output:
Change Dir: /home/student/Desktop/vm-share/CPSC223/Week4/hw4/CMakeFiles/CMakeTmp

Run Build Command:"/usr/bin/make" "cmTC_5f57c/fast"
make[1]: Entering directory '/media/sf_vm-share/CPSC223/Week4/hw4/CMakeFiles/CMakeTmp'
/usr/bin/make -f CMakeFiles/cmTC_5f57c.dir/build.make CMakeFiles/cmTC_5f57c.dir/build
make[2]: Entering directory '/media/sf_vm-share/CPSC223/Week4/hw4/CMakeFiles/CMakeTmp'
Building C object CMakeFiles/cmTC_5f57c.dir/CheckFunctionExists.c.o
/usr/bin/cc   -DCHECK_FUNCTION_EXISTS=pthread_create   -o CMakeFiles/cmTC_5f57c.dir/CheckFunctionExists.c.o   -c /usr/share/cmake-3.13/Modules/CheckFunctionExists.c
Linking C executable cmTC_5f57c
/usr/bin/cmake -E cmake_link_script CMakeFiles/cmTC_5f57c.dir/link.txt --verbose=1
/usr/bin/cc  -DCHECK_FUNCTION_EXISTS=pthread_create    -rdynamic CMakeFiles/cmTC_5f57c.dir/CheckFunctionExists.c.o  -o cmTC_5f57c -lpthreads 
/usr/bin/ld: cannot find -lpthreads
collect2: error: ld returned 1 exit status
make[2]: *** [CMakeFiles/cmTC_5f57c.dir/build.make:87: cmTC_5f57c] Error 1
make[2]: Leaving directory '/media/sf_vm-share/CPSC223/Week4/hw4/CMakeFiles/CMakeTmp'
make[1]: *** [Makefile:121: cmTC_5f57c/fast] Error 2
make[1]: Leaving directory '/media/sf_vm-share/CPSC223/Week4/hw4/CMakeFiles/CMakeTmp'


