Determining if the pthread_create exist failed with the following output:
Change Dir: /home/student/Desktop/vm-share/CPSC223/Week3/CMakeFiles/CMakeTmp

Run Build Command:"/usr/bin/make" "cmTC_2395f/fast"
make: Warning: File 'Makefile' has modification time 1.3 s in the future
/usr/bin/make -f CMakeFiles/cmTC_2395f.dir/build.make CMakeFiles/cmTC_2395f.dir/build
make[1]: Entering directory '/media/sf_vm-share/CPSC223/Week3/CMakeFiles/CMakeTmp'
make[1]: Warning: File 'CMakeFiles/cmTC_2395f.dir/flags.make' has modification time 1.3 s in the future
Building C object CMakeFiles/cmTC_2395f.dir/CheckSymbolExists.c.o
/usr/bin/cc    -o CMakeFiles/cmTC_2395f.dir/CheckSymbolExists.c.o   -c /home/student/Desktop/vm-share/CPSC223/Week3/CMakeFiles/CMakeTmp/CheckSymbolExists.c
Linking C executable cmTC_2395f
/usr/bin/cmake -E cmake_link_script CMakeFiles/cmTC_2395f.dir/link.txt --verbose=1
/usr/bin/cc      -rdynamic CMakeFiles/cmTC_2395f.dir/CheckSymbolExists.c.o  -o cmTC_2395f 
/usr/bin/ld: CMakeFiles/cmTC_2395f.dir/CheckSymbolExists.c.o: in function `main':
CheckSymbolExists.c:(.text+0x1b): undefined reference to `pthread_create'
collect2: error: ld returned 1 exit status
make[1]: *** [CMakeFiles/cmTC_2395f.dir/build.make:87: cmTC_2395f] Error 1
make[1]: Leaving directory '/media/sf_vm-share/CPSC223/Week3/CMakeFiles/CMakeTmp'
make: *** [Makefile:121: cmTC_2395f/fast] Error 2

File /home/student/Desktop/vm-share/CPSC223/Week3/CMakeFiles/CMakeTmp/CheckSymbolExists.c:
/* */
#include <pthread.h>

int main(int argc, char** argv)
{
  (void)argv;
#ifndef pthread_create
  return ((int*)(&pthread_create))[argc];
#else
  (void)argc;
  return 0;
#endif
}

Determining if the function pthread_create exists in the pthreads failed with the following output:
Change Dir: /home/student/Desktop/vm-share/CPSC223/Week3/CMakeFiles/CMakeTmp

Run Build Command:"/usr/bin/make" "cmTC_8fb96/fast"
make: Warning: File 'Makefile' has modification time 1.1 s in the future
/usr/bin/make -f CMakeFiles/cmTC_8fb96.dir/build.make CMakeFiles/cmTC_8fb96.dir/build
make[1]: Entering directory '/media/sf_vm-share/CPSC223/Week3/CMakeFiles/CMakeTmp'
make[1]: Warning: File 'CMakeFiles/cmTC_8fb96.dir/flags.make' has modification time 1.1 s in the future
Building C object CMakeFiles/cmTC_8fb96.dir/CheckFunctionExists.c.o
/usr/bin/cc   -DCHECK_FUNCTION_EXISTS=pthread_create   -o CMakeFiles/cmTC_8fb96.dir/CheckFunctionExists.c.o   -c /usr/share/cmake-3.13/Modules/CheckFunctionExists.c
Linking C executable cmTC_8fb96
/usr/bin/cmake -E cmake_link_script CMakeFiles/cmTC_8fb96.dir/link.txt --verbose=1
/usr/bin/cc  -DCHECK_FUNCTION_EXISTS=pthread_create    -rdynamic CMakeFiles/cmTC_8fb96.dir/CheckFunctionExists.c.o  -o cmTC_8fb96 -lpthreads 
/usr/bin/ld: cannot find -lpthreads
collect2: error: ld returned 1 exit status
make[1]: *** [CMakeFiles/cmTC_8fb96.dir/build.make:87: cmTC_8fb96] Error 1
make[1]: Leaving directory '/media/sf_vm-share/CPSC223/Week3/CMakeFiles/CMakeTmp'
make: *** [Makefile:121: cmTC_8fb96/fast] Error 2


